<?xml version="1.0" encoding="UTF-8"?>
<!-- Generated by org.testng.reporters.JUnitReportReporter -->
<testsuite hostname="LAPTOP-SC2K8AIS" failures="0" tests="1" name="com.testing.RegisterPage" time="30.106" errors="0" timestamp="2022-10-04T12:17:50 IST" skipped="0">
  <testcase classname="com.testing.RegisterPage" name="RegisterPageTest" time="30.106"/>
  <system-out/>
</testsuite> <!-- com.testing.RegisterPage -->
