<?xml version="1.0" encoding="UTF-8"?>
<!-- Generated by org.testng.reporters.JUnitReportReporter -->
<testsuite hostname="LAPTOP-SC2K8AIS" failures="0" tests="1" name="com.testing.SignIn" time="29.883" errors="0" timestamp="2022-10-04T12:19:17 IST" skipped="0">
  <testcase classname="com.testing.SignIn" name="signinTest" time="29.883"/>
  <system-out/>
</testsuite> <!-- com.testing.SignIn -->
