<?xml version="1.0" encoding="UTF-8"?>
<!-- Generated by org.testng.reporters.JUnitReportReporter -->
<testsuite hostname="LAPTOP-SC2K8AIS" failures="0" tests="1" name="com.testing.GoogleSearchTest" time="37.365" errors="0" timestamp="2022-10-04T12:15:41 IST" skipped="0">
  <testcase classname="com.testing.GoogleSearchTest" name="SearchTest" time="37.365"/>
  <system-out/>
</testsuite> <!-- com.testing.GoogleSearchTest -->
