<?xml version="1.0" encoding="UTF-8"?>
<!-- Generated by org.testng.reporters.JUnitReportReporter -->
<testsuite hostname="LAPTOP-SC2K8AIS" failures="0" tests="1" name="com.testing.AddtoCart" time="51.972" errors="0" timestamp="2022-10-04T12:13:13 IST" skipped="0">
  <testcase classname="com.testing.AddtoCart" name="AddCartTest" time="51.972"/>
  <system-out/>
</testsuite> <!-- com.testing.AddtoCart -->
